Determining if the include file io.h exists failed with the following output:
Change Dir: /home/solrac/Projects/TPF_arena/cmake-build-debug/CMakeFiles/CMakeTmp

Run Build Command(s):/usr/bin/ninja cmTC_1a36b && [1/2] Building C object CMakeFiles/cmTC_1a36b.dir/CheckIncludeFile.c.o
FAILED: CMakeFiles/cmTC_1a36b.dir/CheckIncludeFile.c.o 
/usr/bin/cc   -fPIE -std=gnu11 -o CMakeFiles/cmTC_1a36b.dir/CheckIncludeFile.c.o -c /home/solrac/Projects/TPF_arena/cmake-build-debug/CMakeFiles/CMakeTmp/CheckIncludeFile.c
/home/solrac/Projects/TPF_arena/cmake-build-debug/CMakeFiles/CMakeTmp/CheckIncludeFile.c:1:10: fatal error: io.h: No such file or directory
    1 | #include <io.h>
      |          ^~~~~~
compilation terminated.
ninja: build stopped: subcommand failed.



Performing C SOURCE FILE Test HAVE_BUILTIN_ALIGN_DOWN failed with the following output:
Change Dir: /home/solrac/Projects/TPF_arena/cmake-build-debug/CMakeFiles/CMakeTmp

Run Build Command(s):/usr/bin/ninja cmTC_a6105 && [1/2] Building C object CMakeFiles/cmTC_a6105.dir/src.c.o
/home/solrac/Projects/TPF_arena/cmake-build-debug/CMakeFiles/CMakeTmp/src.c: In function ‘main’:
/home/solrac/Projects/TPF_arena/cmake-build-debug/CMakeFiles/CMakeTmp/src.c:1:36: warning: implicit declaration of function ‘__builtin_align_down’; did you mean ‘__builtin_aligned_alloc’? [-Wimplicit-function-declaration]
    1 | int main(void) { int a = 1; return __builtin_align_down(&a, 8);}
      |                                    ^~~~~~~~~~~~~~~~~~~~
      |                                    __builtin_aligned_alloc
[2/2] Linking C executable cmTC_a6105
FAILED: cmTC_a6105 
: && /usr/bin/cc   CMakeFiles/cmTC_a6105.dir/src.c.o -o cmTC_a6105   && :
/usr/bin/ld: CMakeFiles/cmTC_a6105.dir/src.c.o: in function `main':
src.c:(.text+0x34): undefined reference to `__builtin_align_down'
collect2: error: ld returned 1 exit status
ninja: build stopped: subcommand failed.


Source file was:
int main(void) { int a = 1; return __builtin_align_down(&a, 8);}
