The system is: Linux - 5.15.0-161-generic - x86_64
Compiling the C compiler identification source file "CMakeCCompilerId.c" succeeded.
Compiler: /usr/bin/cc 
Build flags: 
Id flags:  

The output was:
0


Compilation of the C compiler identification source "CMakeCCompilerId.c" produced "a.out"

The C compiler identification is GNU, found in "/home/solrac/Projects/TPF_arena/cmake-build-debug/CMakeFiles/3.22.1/CompilerIdC/a.out"

Detecting C compiler ABI info compiled with the following output:
Change Dir: /home/solrac/Projects/TPF_arena/cmake-build-debug/CMakeFiles/CMakeTmp

Run Build Command(s):/usr/bin/ninja cmTC_501ca && [1/2] Building C object CMakeFiles/cmTC_501ca.dir/CMakeCCompilerABI.c.o
Using built-in specs.
COLLECT_GCC=/usr/bin/cc
OFFLOAD_TARGET_NAMES=nvptx-none:amdgcn-amdhsa
OFFLOAD_TARGET_DEFAULT=1
Target: x86_64-linux-gnu
Configured with: ../src/configure -v --with-pkgversion='Ubuntu 11.4.0-1ubuntu1~22.04.2' --with-bugurl=file:///usr/share/doc/gcc-11/README.Bugs --enable-languages=c,ada,c++,go,brig,d,fortran,objc,obj-c++,m2 --prefix=/usr --with-gcc-major-version-only --program-suffix=-11 --program-prefix=x86_64-linux-gnu- --enable-shared --enable-linker-build-id --libexecdir=/usr/lib --without-included-gettext --enable-threads=posix --libdir=/usr/lib --enable-nls --enable-bootstrap --enable-clocale=gnu --enable-libstdcxx-debug --enable-libstdcxx-time=yes --with-default-libstdcxx-abi=new --enable-gnu-unique-object --disable-vtable-verify --enable-plugin --enable-default-pie --with-system-zlib --enable-libphobos-checking=release --with-target-system-zlib=auto --enable-objc-gc=auto --enable-multiarch --disable-werror --enable-cet --with-arch-32=i686 --with-abi=m64 --with-multilib-list=m32,m64,mx32 --enable-multilib --with-tune=generic --enable-offload-targets=nvptx-none=/build/gcc-11-2Y5pKs/gcc-11-11.4.0/debian/tmp-nvptx/usr,amdgcn-amdhsa=/build/gcc-11-2Y5pKs/gcc-11-11.4.0/debian/tmp-gcn/usr --without-cuda-driver --enable-checking=release --build=x86_64-linux-gnu --host=x86_64-linux-gnu --target=x86_64-linux-gnu --with-build-config=bootstrap-lto-lean --enable-link-serialization=2
Thread model: posix
Supported LTO compression algorithms: zlib zstd
gcc version 11.4.0 (Ubuntu 11.4.0-1ubuntu1~22.04.2) 
COLLECT_GCC_OPTIONS='-v' '-o' 'CMakeFiles/cmTC_501ca.dir/CMakeCCompilerABI.c.o' '-c' '-mtune=generic' '-march=x86-64' '-dumpdir' 'CMakeFiles/cmTC_501ca.dir/'
 /usr/lib/gcc/x86_64-linux-gnu/11/cc1 -quiet -v -imultiarch x86_64-linux-gnu /usr/share/cmake-3.22/Modules/CMakeCCompilerABI.c -quiet -dumpdir CMakeFiles/cmTC_501ca.dir/ -dumpbase CMakeCCompilerABI.c.c -dumpbase-ext .c -mtune=generic -march=x86-64 -version -fasynchronous-unwind-tables -fstack-protector-strong -Wformat -Wformat-security -fstack-clash-protection -fcf-protection -o /tmp/ccYqJCvW.s
GNU C17 (Ubuntu 11.4.0-1ubuntu1~22.04.2) version 11.4.0 (x86_64-linux-gnu)
	compiled by GNU C version 11.4.0, GMP version 6.2.1, MPFR version 4.1.0, MPC version 1.2.1, isl version isl-0.24-GMP

GGC heuristics: --param ggc-min-expand=100 --param ggc-min-heapsize=131072
ignoring nonexistent directory "/usr/local/include/x86_64-linux-gnu"
ignoring nonexistent directory "/usr/lib/gcc/x86_64-linux-gnu/11/include-fixed"
ignoring nonexistent directory "/usr/lib/gcc/x86_64-linux-gnu/11/../../../../x86_64-linux-gnu/include"
#include "..." search starts here:
#include <...> search starts here:
 /usr/lib/gcc/x86_64-linux-gnu/11/include
 /usr/local/include
 /usr/include/x86_64-linux-gnu
 /usr/include
End of search list.
GNU C17 (Ubuntu 11.4.0-1ubuntu1~22.04.2) version 11.4.0 (x86_64-linux-gnu)
	compiled by GNU C version 11.4.0, GMP version 6.2.1, MPFR version 4.1.0, MPC version 1.2.1, isl version isl-0.24-GMP

GGC heuristics: --param ggc-min-expand=100 --param ggc-min-heapsize=131072
Compiler executable checksum: 4011c2103cba78949d7e02d0f0047a3d
COLLECT_GCC_OPTIONS='-v' '-o' 'CMakeFiles/cmTC_501ca.dir/CMakeCCompilerABI.c.o' '-c' '-mtune=generic' '-march=x86-64' '-dumpdir' 'CMakeFiles/cmTC_501ca.dir/'
 as -v --64 -o CMakeFiles/cmTC_501ca.dir/CMakeCCompilerABI.c.o /tmp/ccYqJCvW.s
GNU assembler version 2.38 (x86_64-linux-gnu) using BFD version (GNU Binutils for Ubuntu) 2.38
COMPILER_PATH=/usr/lib/gcc/x86_64-linux-gnu/11/:/usr/lib/gcc/x86_64-linux-gnu/11/:/usr/lib/gcc/x86_64-linux-gnu/:/usr/lib/gcc/x86_64-linux-gnu/11/:/usr/lib/gcc/x86_64-linux-gnu/
LIBRARY_PATH=/usr/lib/gcc/x86_64-linux-gnu/11/:/usr/lib/gcc/x86_64-linux-gnu/11/../../../x86_64-linux-gnu/:/usr/lib/gcc/x86_64-linux-gnu/11/../../../../lib/:/lib/x86_64-linux-gnu/:/lib/../lib/:/usr/lib/x86_64-linux-gnu/:/usr/lib/../lib/:/usr/lib/gcc/x86_64-linux-gnu/11/../../../:/lib/:/usr/lib/
COLLECT_GCC_OPTIONS='-v' '-o' 'CMakeFiles/cmTC_501ca.dir/CMakeCCompilerABI.c.o' '-c' '-mtune=generic' '-march=x86-64' '-dumpdir' 'CMakeFiles/cmTC_501ca.dir/CMakeCCompilerABI.c.'
[2/2] Linking C executable cmTC_501ca
Using built-in specs.
COLLECT_GCC=/usr/bin/cc
COLLECT_LTO_WRAPPER=/usr/lib/gcc/x86_64-linux-gnu/11/lto-wrapper
OFFLOAD_TARGET_NAMES=nvptx-none:amdgcn-amdhsa
OFFLOAD_TARGET_DEFAULT=1
Target: x86_64-linux-gnu
Configured with: ../src/configure -v --with-pkgversion='Ubuntu 11.4.0-1ubuntu1~22.04.2' --with-bugurl=file:///usr/share/doc/gcc-11/README.Bugs --enable-languages=c,ada,c++,go,brig,d,fortran,objc,obj-c++,m2 --prefix=/usr --with-gcc-major-version-only --program-suffix=-11 --program-prefix=x86_64-linux-gnu- --enable-shared --enable-linker-build-id --libexecdir=/usr/lib --without-included-gettext --enable-threads=posix --libdir=/usr/lib --enable-nls --enable-bootstrap --enable-clocale=gnu --enable-libstdcxx-debug --enable-libstdcxx-time=yes --with-default-libstdcxx-abi=new --enable-gnu-unique-object --disable-vtable-verify --enable-plugin --enable-default-pie --with-system-zlib --enable-libphobos-checking=release --with-target-system-zlib=auto --enable-objc-gc=auto --enable-multiarch --disable-werror --enable-cet --with-arch-32=i686 --with-abi=m64 --with-multilib-list=m32,m64,mx32 --enable-multilib --with-tune=generic --enable-offload-targets=nvptx-none=/build/gcc-11-2Y5pKs/gcc-11-11.4.0/debian/tmp-nvptx/usr,amdgcn-amdhsa=/build/gcc-11-2Y5pKs/gcc-11-11.4.0/debian/tmp-gcn/usr --without-cuda-driver --enable-checking=release --build=x86_64-linux-gnu --host=x86_64-linux-gnu --target=x86_64-linux-gnu --with-build-config=bootstrap-lto-lean --enable-link-serialization=2
Thread model: posix
Supported LTO compression algorithms: zlib zstd
gcc version 11.4.0 (Ubuntu 11.4.0-1ubuntu1~22.04.2) 
COMPILER_PATH=/usr/lib/gcc/x86_64-linux-gnu/11/:/usr/lib/gcc/x86_64-linux-gnu/11/:/usr/lib/gcc/x86_64-linux-gnu/:/usr/lib/gcc/x86_64-linux-gnu/11/:/usr/lib/gcc/x86_64-linux-gnu/
LIBRARY_PATH=/usr/lib/gcc/x86_64-linux-gnu/11/:/usr/lib/gcc/x86_64-linux-gnu/11/../../../x86_64-linux-gnu/:/usr/lib/gcc/x86_64-linux-gnu/11/../../../../lib/:/lib/x86_64-linux-gnu/:/lib/../lib/:/usr/lib/x86_64-linux-gnu/:/usr/lib/../lib/:/usr/lib/gcc/x86_64-linux-gnu/11/../../../:/lib/:/usr/lib/
COLLECT_GCC_OPTIONS='-v' '-o' 'cmTC_501ca' '-mtune=generic' '-march=x86-64' '-dumpdir' 'cmTC_501ca.'
 /usr/lib/gcc/x86_64-linux-gnu/11/collect2 -plugin /usr/lib/gcc/x86_64-linux-gnu/11/liblto_plugin.so -plugin-opt=/usr/lib/gcc/x86_64-linux-gnu/11/lto-wrapper -plugin-opt=-fresolution=/tmp/ccF4MDKi.res -plugin-opt=-pass-through=-lgcc -plugin-opt=-pass-through=-lgcc_s -plugin-opt=-pass-through=-lc -plugin-opt=-pass-through=-lgcc -plugin-opt=-pass-through=-lgcc_s --build-id --eh-frame-hdr -m elf_x86_64 --hash-style=gnu --as-needed -dynamic-linker /lib64/ld-linux-x86-64.so.2 -pie -z now -z relro -o cmTC_501ca /usr/lib/gcc/x86_64-linux-gnu/11/../../../x86_64-linux-gnu/Scrt1.o /usr/lib/gcc/x86_64-linux-gnu/11/../../../x86_64-linux-gnu/crti.o /usr/lib/gcc/x86_64-linux-gnu/11/crtbeginS.o -L/usr/lib/gcc/x86_64-linux-gnu/11 -L/usr/lib/gcc/x86_64-linux-gnu/11/../../../x86_64-linux-gnu -L/usr/lib/gcc/x86_64-linux-gnu/11/../../../../lib -L/lib/x86_64-linux-gnu -L/lib/../lib -L/usr/lib/x86_64-linux-gnu -L/usr/lib/../lib -L/usr/lib/gcc/x86_64-linux-gnu/11/../../.. CMakeFiles/cmTC_501ca.dir/CMakeCCompilerABI.c.o -lgcc --push-state --as-needed -lgcc_s --pop-state -lc -lgcc --push-state --as-needed -lgcc_s --pop-state /usr/lib/gcc/x86_64-linux-gnu/11/crtendS.o /usr/lib/gcc/x86_64-linux-gnu/11/../../../x86_64-linux-gnu/crtn.o
COLLECT_GCC_OPTIONS='-v' '-o' 'cmTC_501ca' '-mtune=generic' '-march=x86-64' '-dumpdir' 'cmTC_501ca.'



Parsed C implicit include dir info from above output: rv=done
  found start of include info
  found start of implicit include info
    add: [/usr/lib/gcc/x86_64-linux-gnu/11/include]
    add: [/usr/local/include]
    add: [/usr/include/x86_64-linux-gnu]
    add: [/usr/include]
  end of search list found
  collapse include dir [/usr/lib/gcc/x86_64-linux-gnu/11/include] ==> [/usr/lib/gcc/x86_64-linux-gnu/11/include]
  collapse include dir [/usr/local/include] ==> [/usr/local/include]
  collapse include dir [/usr/include/x86_64-linux-gnu] ==> [/usr/include/x86_64-linux-gnu]
  collapse include dir [/usr/include] ==> [/usr/include]
  implicit include dirs: [/usr/lib/gcc/x86_64-linux-gnu/11/include;/usr/local/include;/usr/include/x86_64-linux-gnu;/usr/include]


Parsed C implicit link information from above output:
  link line regex: [^( *|.*[/\])(ld|CMAKE_LINK_STARTFILE-NOTFOUND|([^/\]+-)?ld|collect2)[^/\]*( |$)]
  ignore line: [Change Dir: /home/solrac/Projects/TPF_arena/cmake-build-debug/CMakeFiles/CMakeTmp]
  ignore line: []
  ignore line: [Run Build Command(s):/usr/bin/ninja cmTC_501ca && [1/2] Building C object CMakeFiles/cmTC_501ca.dir/CMakeCCompilerABI.c.o]
  ignore line: [Using built-in specs.]
  ignore line: [COLLECT_GCC=/usr/bin/cc]
  ignore line: [OFFLOAD_TARGET_NAMES=nvptx-none:amdgcn-amdhsa]
  ignore line: [OFFLOAD_TARGET_DEFAULT=1]
  ignore line: [Target: x86_64-linux-gnu]
  ignore line: [Configured with: ../src/configure -v --with-pkgversion='Ubuntu 11.4.0-1ubuntu1~22.04.2' --with-bugurl=file:///usr/share/doc/gcc-11/README.Bugs --enable-languages=c ada c++ go brig d fortran objc obj-c++ m2 --prefix=/usr --with-gcc-major-version-only --program-suffix=-11 --program-prefix=x86_64-linux-gnu- --enable-shared --enable-linker-build-id --libexecdir=/usr/lib --without-included-gettext --enable-threads=posix --libdir=/usr/lib --enable-nls --enable-bootstrap --enable-clocale=gnu --enable-libstdcxx-debug --enable-libstdcxx-time=yes --with-default-libstdcxx-abi=new --enable-gnu-unique-object --disable-vtable-verify --enable-plugin --enable-default-pie --with-system-zlib --enable-libphobos-checking=release --with-target-system-zlib=auto --enable-objc-gc=auto --enable-multiarch --disable-werror --enable-cet --with-arch-32=i686 --with-abi=m64 --with-multilib-list=m32 m64 mx32 --enable-multilib --with-tune=generic --enable-offload-targets=nvptx-none=/build/gcc-11-2Y5pKs/gcc-11-11.4.0/debian/tmp-nvptx/usr amdgcn-amdhsa=/build/gcc-11-2Y5pKs/gcc-11-11.4.0/debian/tmp-gcn/usr --without-cuda-driver --enable-checking=release --build=x86_64-linux-gnu --host=x86_64-linux-gnu --target=x86_64-linux-gnu --with-build-config=bootstrap-lto-lean --enable-link-serialization=2]
  ignore line: [Thread model: posix]
  ignore line: [Supported LTO compression algorithms: zlib zstd]
  ignore line: [gcc version 11.4.0 (Ubuntu 11.4.0-1ubuntu1~22.04.2) ]
  ignore line: [COLLECT_GCC_OPTIONS='-v' '-o' 'CMakeFiles/cmTC_501ca.dir/CMakeCCompilerABI.c.o' '-c' '-mtune=generic' '-march=x86-64' '-dumpdir' 'CMakeFiles/cmTC_501ca.dir/']
  ignore line: [ /usr/lib/gcc/x86_64-linux-gnu/11/cc1 -quiet -v -imultiarch x86_64-linux-gnu /usr/share/cmake-3.22/Modules/CMakeCCompilerABI.c -quiet -dumpdir CMakeFiles/cmTC_501ca.dir/ -dumpbase CMakeCCompilerABI.c.c -dumpbase-ext .c -mtune=generic -march=x86-64 -version -fasynchronous-unwind-tables -fstack-protector-strong -Wformat -Wformat-security -fstack-clash-protection -fcf-protection -o /tmp/ccYqJCvW.s]
  ignore line: [GNU C17 (Ubuntu 11.4.0-1ubuntu1~22.04.2) version 11.4.0 (x86_64-linux-gnu)]
  ignore line: [	compiled by GNU C version 11.4.0  GMP version 6.2.1  MPFR version 4.1.0  MPC version 1.2.1  isl version isl-0.24-GMP]
  ignore line: []
  ignore line: [GGC heuristics: --param ggc-min-expand=100 --param ggc-min-heapsize=131072]
  ignore line: [ignoring nonexistent directory "/usr/local/include/x86_64-linux-gnu"]
  ignore line: [ignoring nonexistent directory "/usr/lib/gcc/x86_64-linux-gnu/11/include-fixed"]
  ignore line: [ignoring nonexistent directory "/usr/lib/gcc/x86_64-linux-gnu/11/../../../../x86_64-linux-gnu/include"]
  ignore line: [#include "..." search starts here:]
  ignore line: [#include <...> search starts here:]
  ignore line: [ /usr/lib/gcc/x86_64-linux-gnu/11/include]
  ignore line: [ /usr/local/include]
  ignore line: [ /usr/include/x86_64-linux-gnu]
  ignore line: [ /usr/include]
  ignore line: [End of search list.]
  ignore line: [GNU C17 (Ubuntu 11.4.0-1ubuntu1~22.04.2) version 11.4.0 (x86_64-linux-gnu)]
  ignore line: [	compiled by GNU C version 11.4.0  GMP version 6.2.1  MPFR version 4.1.0  MPC version 1.2.1  isl version isl-0.24-GMP]
  ignore line: []
  ignore line: [GGC heuristics: --param ggc-min-expand=100 --param ggc-min-heapsize=131072]
  ignore line: [Compiler executable checksum: 4011c2103cba78949d7e02d0f0047a3d]
  ignore line: [COLLECT_GCC_OPTIONS='-v' '-o' 'CMakeFiles/cmTC_501ca.dir/CMakeCCompilerABI.c.o' '-c' '-mtune=generic' '-march=x86-64' '-dumpdir' 'CMakeFiles/cmTC_501ca.dir/']
  ignore line: [ as -v --64 -o CMakeFiles/cmTC_501ca.dir/CMakeCCompilerABI.c.o /tmp/ccYqJCvW.s]
  ignore line: [GNU assembler version 2.38 (x86_64-linux-gnu) using BFD version (GNU Binutils for Ubuntu) 2.38]
  ignore line: [COMPILER_PATH=/usr/lib/gcc/x86_64-linux-gnu/11/:/usr/lib/gcc/x86_64-linux-gnu/11/:/usr/lib/gcc/x86_64-linux-gnu/:/usr/lib/gcc/x86_64-linux-gnu/11/:/usr/lib/gcc/x86_64-linux-gnu/]
  ignore line: [LIBRARY_PATH=/usr/lib/gcc/x86_64-linux-gnu/11/:/usr/lib/gcc/x86_64-linux-gnu/11/../../../x86_64-linux-gnu/:/usr/lib/gcc/x86_64-linux-gnu/11/../../../../lib/:/lib/x86_64-linux-gnu/:/lib/../lib/:/usr/lib/x86_64-linux-gnu/:/usr/lib/../lib/:/usr/lib/gcc/x86_64-linux-gnu/11/../../../:/lib/:/usr/lib/]
  ignore line: [COLLECT_GCC_OPTIONS='-v' '-o' 'CMakeFiles/cmTC_501ca.dir/CMakeCCompilerABI.c.o' '-c' '-mtune=generic' '-march=x86-64' '-dumpdir' 'CMakeFiles/cmTC_501ca.dir/CMakeCCompilerABI.c.']
  ignore line: [[2/2] Linking C executable cmTC_501ca]
  ignore line: [Using built-in specs.]
  ignore line: [COLLECT_GCC=/usr/bin/cc]
  ignore line: [COLLECT_LTO_WRAPPER=/usr/lib/gcc/x86_64-linux-gnu/11/lto-wrapper]
  ignore line: [OFFLOAD_TARGET_NAMES=nvptx-none:amdgcn-amdhsa]
  ignore line: [OFFLOAD_TARGET_DEFAULT=1]
  ignore line: [Target: x86_64-linux-gnu]
  ignore line: [Configured with: ../src/configure -v --with-pkgversion='Ubuntu 11.4.0-1ubuntu1~22.04.2' --with-bugurl=file:///usr/share/doc/gcc-11/README.Bugs --enable-languages=c ada c++ go brig d fortran objc obj-c++ m2 --prefix=/usr --with-gcc-major-version-only --program-suffix=-11 --program-prefix=x86_64-linux-gnu- --enable-shared --enable-linker-build-id --libexecdir=/usr/lib --without-included-gettext --enable-threads=posix --libdir=/usr/lib --enable-nls --enable-bootstrap --enable-clocale=gnu --enable-libstdcxx-debug --enable-libstdcxx-time=yes --with-default-libstdcxx-abi=new --enable-gnu-unique-object --disable-vtable-verify --enable-plugin --enable-default-pie --with-system-zlib --enable-libphobos-checking=release --with-target-system-zlib=auto --enable-objc-gc=auto --enable-multiarch --disable-werror --enable-cet --with-arch-32=i686 --with-abi=m64 --with-multilib-list=m32 m64 mx32 --enable-multilib --with-tune=generic --enable-offload-targets=nvptx-none=/build/gcc-11-2Y5pKs/gcc-11-11.4.0/debian/tmp-nvptx/usr amdgcn-amdhsa=/build/gcc-11-2Y5pKs/gcc-11-11.4.0/debian/tmp-gcn/usr --without-cuda-driver --enable-checking=release --build=x86_64-linux-gnu --host=x86_64-linux-gnu --target=x86_64-linux-gnu --with-build-config=bootstrap-lto-lean --enable-link-serialization=2]
  ignore line: [Thread model: posix]
  ignore line: [Supported LTO compression algorithms: zlib zstd]
  ignore line: [gcc version 11.4.0 (Ubuntu 11.4.0-1ubuntu1~22.04.2) ]
  ignore line: [COMPILER_PATH=/usr/lib/gcc/x86_64-linux-gnu/11/:/usr/lib/gcc/x86_64-linux-gnu/11/:/usr/lib/gcc/x86_64-linux-gnu/:/usr/lib/gcc/x86_64-linux-gnu/11/:/usr/lib/gcc/x86_64-linux-gnu/]
  ignore line: [LIBRARY_PATH=/usr/lib/gcc/x86_64-linux-gnu/11/:/usr/lib/gcc/x86_64-linux-gnu/11/../../../x86_64-linux-gnu/:/usr/lib/gcc/x86_64-linux-gnu/11/../../../../lib/:/lib/x86_64-linux-gnu/:/lib/../lib/:/usr/lib/x86_64-linux-gnu/:/usr/lib/../lib/:/usr/lib/gcc/x86_64-linux-gnu/11/../../../:/lib/:/usr/lib/]
  ignore line: [COLLECT_GCC_OPTIONS='-v' '-o' 'cmTC_501ca' '-mtune=generic' '-march=x86-64' '-dumpdir' 'cmTC_501ca.']
  link line: [ /usr/lib/gcc/x86_64-linux-gnu/11/collect2 -plugin /usr/lib/gcc/x86_64-linux-gnu/11/liblto_plugin.so -plugin-opt=/usr/lib/gcc/x86_64-linux-gnu/11/lto-wrapper -plugin-opt=-fresolution=/tmp/ccF4MDKi.res -plugin-opt=-pass-through=-lgcc -plugin-opt=-pass-through=-lgcc_s -plugin-opt=-pass-through=-lc -plugin-opt=-pass-through=-lgcc -plugin-opt=-pass-through=-lgcc_s --build-id --eh-frame-hdr -m elf_x86_64 --hash-style=gnu --as-needed -dynamic-linker /lib64/ld-linux-x86-64.so.2 -pie -z now -z relro -o cmTC_501ca /usr/lib/gcc/x86_64-linux-gnu/11/../../../x86_64-linux-gnu/Scrt1.o /usr/lib/gcc/x86_64-linux-gnu/11/../../../x86_64-linux-gnu/crti.o /usr/lib/gcc/x86_64-linux-gnu/11/crtbeginS.o -L/usr/lib/gcc/x86_64-linux-gnu/11 -L/usr/lib/gcc/x86_64-linux-gnu/11/../../../x86_64-linux-gnu -L/usr/lib/gcc/x86_64-linux-gnu/11/../../../../lib -L/lib/x86_64-linux-gnu -L/lib/../lib -L/usr/lib/x86_64-linux-gnu -L/usr/lib/../lib -L/usr/lib/gcc/x86_64-linux-gnu/11/../../.. CMakeFiles/cmTC_501ca.dir/CMakeCCompilerABI.c.o -lgcc --push-state --as-needed -lgcc_s --pop-state -lc -lgcc --push-state --as-needed -lgcc_s --pop-state /usr/lib/gcc/x86_64-linux-gnu/11/crtendS.o /usr/lib/gcc/x86_64-linux-gnu/11/../../../x86_64-linux-gnu/crtn.o]
    arg [/usr/lib/gcc/x86_64-linux-gnu/11/collect2] ==> ignore
    arg [-plugin] ==> ignore
    arg [/usr/lib/gcc/x86_64-linux-gnu/11/liblto_plugin.so] ==> ignore
    arg [-plugin-opt=/usr/lib/gcc/x86_64-linux-gnu/11/lto-wrapper] ==> ignore
    arg [-plugin-opt=-fresolution=/tmp/ccF4MDKi.res] ==> ignore
    arg [-plugin-opt=-pass-through=-lgcc] ==> ignore
    arg [-plugin-opt=-pass-through=-lgcc_s] ==> ignore
    arg [-plugin-opt=-pass-through=-lc] ==> ignore
    arg [-plugin-opt=-pass-through=-lgcc] ==> ignore
    arg [-plugin-opt=-pass-through=-lgcc_s] ==> ignore
    arg [--build-id] ==> ignore
    arg [--eh-frame-hdr] ==> ignore
    arg [-m] ==> ignore
    arg [elf_x86_64] ==> ignore
    arg [--hash-style=gnu] ==> ignore
    arg [--as-needed] ==> ignore
    arg [-dynamic-linker] ==> ignore
    arg [/lib64/ld-linux-x86-64.so.2] ==> ignore
    arg [-pie] ==> ignore
    arg [-znow] ==> ignore
    arg [-zrelro] ==> ignore
    arg [-o] ==> ignore
    arg [cmTC_501ca] ==> ignore
    arg [/usr/lib/gcc/x86_64-linux-gnu/11/../../../x86_64-linux-gnu/Scrt1.o] ==> obj [/usr/lib/gcc/x86_64-linux-gnu/11/../../../x86_64-linux-gnu/Scrt1.o]
    arg [/usr/lib/gcc/x86_64-linux-gnu/11/../../../x86_64-linux-gnu/crti.o] ==> obj [/usr/lib/gcc/x86_64-linux-gnu/11/../../../x86_64-linux-gnu/crti.o]
    arg [/usr/lib/gcc/x86_64-linux-gnu/11/crtbeginS.o] ==> obj [/usr/lib/gcc/x86_64-linux-gnu/11/crtbeginS.o]
    arg [-L/usr/lib/gcc/x86_64-linux-gnu/11] ==> dir [/usr/lib/gcc/x86_64-linux-gnu/11]
    arg [-L/usr/lib/gcc/x86_64-linux-gnu/11/../../../x86_64-linux-gnu] ==> dir [/usr/lib/gcc/x86_64-linux-gnu/11/../../../x86_64-linux-gnu]
    arg [-L/usr/lib/gcc/x86_64-linux-gnu/11/../../../../lib] ==> dir [/usr/lib/gcc/x86_64-linux-gnu/11/../../../../lib]
    arg [-L/lib/x86_64-linux-gnu] ==> dir [/lib/x86_64-linux-gnu]
    arg [-L/lib/../lib] ==> dir [/lib/../lib]
    arg [-L/usr/lib/x86_64-linux-gnu] ==> dir [/usr/lib/x86_64-linux-gnu]
    arg [-L/usr/lib/../lib] ==> dir [/usr/lib/../lib]
    arg [-L/usr/lib/gcc/x86_64-linux-gnu/11/../../..] ==> dir [/usr/lib/gcc/x86_64-linux-gnu/11/../../..]
    arg [CMakeFiles/cmTC_501ca.dir/CMakeCCompilerABI.c.o] ==> ignore
    arg [-lgcc] ==> lib [gcc]
    arg [--push-state] ==> ignore
    arg [--as-needed] ==> ignore
    arg [-lgcc_s] ==> lib [gcc_s]
    arg [--pop-state] ==> ignore
    arg [-lc] ==> lib [c]
    arg [-lgcc] ==> lib [gcc]
    arg [--push-state] ==> ignore
    arg [--as-needed] ==> ignore
    arg [-lgcc_s] ==> lib [gcc_s]
    arg [--pop-state] ==> ignore
    arg [/usr/lib/gcc/x86_64-linux-gnu/11/crtendS.o] ==> obj [/usr/lib/gcc/x86_64-linux-gnu/11/crtendS.o]
    arg [/usr/lib/gcc/x86_64-linux-gnu/11/../../../x86_64-linux-gnu/crtn.o] ==> obj [/usr/lib/gcc/x86_64-linux-gnu/11/../../../x86_64-linux-gnu/crtn.o]
  collapse obj [/usr/lib/gcc/x86_64-linux-gnu/11/../../../x86_64-linux-gnu/Scrt1.o] ==> [/usr/lib/x86_64-linux-gnu/Scrt1.o]
  collapse obj [/usr/lib/gcc/x86_64-linux-gnu/11/../../../x86_64-linux-gnu/crti.o] ==> [/usr/lib/x86_64-linux-gnu/crti.o]
  collapse obj [/usr/lib/gcc/x86_64-linux-gnu/11/../../../x86_64-linux-gnu/crtn.o] ==> [/usr/lib/x86_64-linux-gnu/crtn.o]
  collapse library dir [/usr/lib/gcc/x86_64-linux-gnu/11] ==> [/usr/lib/gcc/x86_64-linux-gnu/11]
  collapse library dir [/usr/lib/gcc/x86_64-linux-gnu/11/../../../x86_64-linux-gnu] ==> [/usr/lib/x86_64-linux-gnu]
  collapse library dir [/usr/lib/gcc/x86_64-linux-gnu/11/../../../../lib] ==> [/usr/lib]
  collapse library dir [/lib/x86_64-linux-gnu] ==> [/lib/x86_64-linux-gnu]
  collapse library dir [/lib/../lib] ==> [/lib]
  collapse library dir [/usr/lib/x86_64-linux-gnu] ==> [/usr/lib/x86_64-linux-gnu]
  collapse library dir [/usr/lib/../lib] ==> [/usr/lib]
  collapse library dir [/usr/lib/gcc/x86_64-linux-gnu/11/../../..] ==> [/usr/lib]
  implicit libs: [gcc;gcc_s;c;gcc;gcc_s]
  implicit objs: [/usr/lib/x86_64-linux-gnu/Scrt1.o;/usr/lib/x86_64-linux-gnu/crti.o;/usr/lib/gcc/x86_64-linux-gnu/11/crtbeginS.o;/usr/lib/gcc/x86_64-linux-gnu/11/crtendS.o;/usr/lib/x86_64-linux-gnu/crtn.o]
  implicit dirs: [/usr/lib/gcc/x86_64-linux-gnu/11;/usr/lib/x86_64-linux-gnu;/usr/lib;/lib/x86_64-linux-gnu;/lib]
  implicit fwks: []


Performing C SOURCE FILE Test REQUIRED_FLAGS_WERROR succeeded with the following output:
Change Dir: /home/solrac/Projects/TPF_arena/cmake-build-debug/CMakeFiles/CMakeTmp

Run Build Command(s):/usr/bin/ninja cmTC_f72af && [1/2] Building C object CMakeFiles/cmTC_f72af.dir/src.c.o
[2/2] Linking C executable cmTC_f72af


Source file was:
int main(void) { return 0; }
Performing C SOURCE FILE Test WITH_STD_C99_FLAG succeeded with the following output:
Change Dir: /home/solrac/Projects/TPF_arena/cmake-build-debug/CMakeFiles/CMakeTmp

Run Build Command(s):/usr/bin/ninja cmTC_bf0fd && [1/2] Building C object CMakeFiles/cmTC_bf0fd.dir/src.c.o
[2/2] Linking C executable cmTC_bf0fd


Source file was:
int main(void) { return 0; }
Performing C SOURCE FILE Test WITH_WPEDANTIC_FLAG succeeded with the following output:
Change Dir: /home/solrac/Projects/TPF_arena/cmake-build-debug/CMakeFiles/CMakeTmp

Run Build Command(s):/usr/bin/ninja cmTC_33d2a && [1/2] Building C object CMakeFiles/cmTC_33d2a.dir/src.c.o
[2/2] Linking C executable cmTC_33d2a


Source file was:
int main(void) { return 0; }
Performing C SOURCE FILE Test WITH_WALL_FLAG succeeded with the following output:
Change Dir: /home/solrac/Projects/TPF_arena/cmake-build-debug/CMakeFiles/CMakeTmp

Run Build Command(s):/usr/bin/ninja cmTC_d73d8 && [1/2] Building C object CMakeFiles/cmTC_d73d8.dir/src.c.o
[2/2] Linking C executable cmTC_d73d8


Source file was:
int main(void) { return 0; }
Performing C SOURCE FILE Test WITH_WSHADOW_FLAG succeeded with the following output:
Change Dir: /home/solrac/Projects/TPF_arena/cmake-build-debug/CMakeFiles/CMakeTmp

Run Build Command(s):/usr/bin/ninja cmTC_e6dbd && [1/2] Building C object CMakeFiles/cmTC_e6dbd.dir/src.c.o
[2/2] Linking C executable cmTC_e6dbd


Source file was:
int main(void) { return 0; }
Performing C SOURCE FILE Test WITH_WMISSING_PROTOTYPES_FLAG succeeded with the following output:
Change Dir: /home/solrac/Projects/TPF_arena/cmake-build-debug/CMakeFiles/CMakeTmp

Run Build Command(s):/usr/bin/ninja cmTC_54a65 && [1/2] Building C object CMakeFiles/cmTC_54a65.dir/src.c.o
[2/2] Linking C executable cmTC_54a65


Source file was:
int main(void) { return 0; }
Performing C SOURCE FILE Test WITH_WCAST_ALIGN_FLAG succeeded with the following output:
Change Dir: /home/solrac/Projects/TPF_arena/cmake-build-debug/CMakeFiles/CMakeTmp

Run Build Command(s):/usr/bin/ninja cmTC_97d2d && [1/2] Building C object CMakeFiles/cmTC_97d2d.dir/src.c.o
[2/2] Linking C executable cmTC_97d2d


Source file was:
int main(void) { return 0; }
Performing C SOURCE FILE Test WITH_WERROR_ADDRESS_FLAG succeeded with the following output:
Change Dir: /home/solrac/Projects/TPF_arena/cmake-build-debug/CMakeFiles/CMakeTmp

Run Build Command(s):/usr/bin/ninja cmTC_6e984 && [1/2] Building C object CMakeFiles/cmTC_6e984.dir/src.c.o
[2/2] Linking C executable cmTC_6e984


Source file was:
int main(void) { return 0; }
Performing C SOURCE FILE Test WITH_WSTRICT_PROTOTYPES_FLAG succeeded with the following output:
Change Dir: /home/solrac/Projects/TPF_arena/cmake-build-debug/CMakeFiles/CMakeTmp

Run Build Command(s):/usr/bin/ninja cmTC_973a0 && [1/2] Building C object CMakeFiles/cmTC_973a0.dir/src.c.o
[2/2] Linking C executable cmTC_973a0


Source file was:
int main(void) { return 0; }
Performing C SOURCE FILE Test WITH_WERROR_STRICT_PROTOTYPES_FLAG succeeded with the following output:
Change Dir: /home/solrac/Projects/TPF_arena/cmake-build-debug/CMakeFiles/CMakeTmp

Run Build Command(s):/usr/bin/ninja cmTC_1b5b8 && [1/2] Building C object CMakeFiles/cmTC_1b5b8.dir/src.c.o
[2/2] Linking C executable cmTC_1b5b8


Source file was:
int main(void) { return 0; }
Performing C SOURCE FILE Test WITH_WWRITE_STRINGS_FLAG succeeded with the following output:
Change Dir: /home/solrac/Projects/TPF_arena/cmake-build-debug/CMakeFiles/CMakeTmp

Run Build Command(s):/usr/bin/ninja cmTC_330f3 && [1/2] Building C object CMakeFiles/cmTC_330f3.dir/src.c.o
[2/2] Linking C executable cmTC_330f3


Source file was:
int main(void) { return 0; }
Performing C SOURCE FILE Test WITH_WERROR_WRITE_STRINGS_FLAG succeeded with the following output:
Change Dir: /home/solrac/Projects/TPF_arena/cmake-build-debug/CMakeFiles/CMakeTmp

Run Build Command(s):/usr/bin/ninja cmTC_2eb97 && [1/2] Building C object CMakeFiles/cmTC_2eb97.dir/src.c.o
[2/2] Linking C executable cmTC_2eb97


Source file was:
int main(void) { return 0; }
Performing C SOURCE FILE Test WITH_WIMPLICIT_FUNCTION_DECLARATION_FLAG succeeded with the following output:
Change Dir: /home/solrac/Projects/TPF_arena/cmake-build-debug/CMakeFiles/CMakeTmp

Run Build Command(s):/usr/bin/ninja cmTC_4c0bb && [1/2] Building C object CMakeFiles/cmTC_4c0bb.dir/src.c.o
[2/2] Linking C executable cmTC_4c0bb


Source file was:
int main(void) { return 0; }
Performing C SOURCE FILE Test WITH_WERROR_IMPLICIT_FUNCTION_DECLARATION_FLAG succeeded with the following output:
Change Dir: /home/solrac/Projects/TPF_arena/cmake-build-debug/CMakeFiles/CMakeTmp

Run Build Command(s):/usr/bin/ninja cmTC_a1796 && [1/2] Building C object CMakeFiles/cmTC_a1796.dir/src.c.o
[2/2] Linking C executable cmTC_a1796


Source file was:
int main(void) { return 0; }
Performing C SOURCE FILE Test WITH_WPOINTER_ARITH_FLAG succeeded with the following output:
Change Dir: /home/solrac/Projects/TPF_arena/cmake-build-debug/CMakeFiles/CMakeTmp

Run Build Command(s):/usr/bin/ninja cmTC_0379c && [1/2] Building C object CMakeFiles/cmTC_0379c.dir/src.c.o
[2/2] Linking C executable cmTC_0379c


Source file was:
int main(void) { return 0; }
Performing C SOURCE FILE Test WITH_WERROR_POINTER_ARITH_FLAG succeeded with the following output:
Change Dir: /home/solrac/Projects/TPF_arena/cmake-build-debug/CMakeFiles/CMakeTmp

Run Build Command(s):/usr/bin/ninja cmTC_74651 && [1/2] Building C object CMakeFiles/cmTC_74651.dir/src.c.o
[2/2] Linking C executable cmTC_74651


Source file was:
int main(void) { return 0; }
Performing C SOURCE FILE Test WITH_WRETURN_TYPE_FLAG succeeded with the following output:
Change Dir: /home/solrac/Projects/TPF_arena/cmake-build-debug/CMakeFiles/CMakeTmp

Run Build Command(s):/usr/bin/ninja cmTC_03c8e && [1/2] Building C object CMakeFiles/cmTC_03c8e.dir/src.c.o
[2/2] Linking C executable cmTC_03c8e


Source file was:
int main(void) { return 0; }
Performing C SOURCE FILE Test WITH_WERROR_RETURN_TYPE_FLAG succeeded with the following output:
Change Dir: /home/solrac/Projects/TPF_arena/cmake-build-debug/CMakeFiles/CMakeTmp

Run Build Command(s):/usr/bin/ninja cmTC_9a5ad && [1/2] Building C object CMakeFiles/cmTC_9a5ad.dir/src.c.o
[2/2] Linking C executable cmTC_9a5ad


Source file was:
int main(void) { return 0; }
Performing C SOURCE FILE Test WITH_WUNINITIALIZED_FLAG succeeded with the following output:
Change Dir: /home/solrac/Projects/TPF_arena/cmake-build-debug/CMakeFiles/CMakeTmp

Run Build Command(s):/usr/bin/ninja cmTC_6685a && [1/2] Building C object CMakeFiles/cmTC_6685a.dir/src.c.o
[2/2] Linking C executable cmTC_6685a


Source file was:
int main(void) { return 0; }
Performing C SOURCE FILE Test WITH_WERROR_UNINITIALIZED_FLAG succeeded with the following output:
Change Dir: /home/solrac/Projects/TPF_arena/cmake-build-debug/CMakeFiles/CMakeTmp

Run Build Command(s):/usr/bin/ninja cmTC_b41f0 && [1/2] Building C object CMakeFiles/cmTC_b41f0.dir/src.c.o
[2/2] Linking C executable cmTC_b41f0


Source file was:
int main(void) { return 0; }
Performing C SOURCE FILE Test WITH_WIMPLICIT_FALLTHROUGH_FLAG succeeded with the following output:
Change Dir: /home/solrac/Projects/TPF_arena/cmake-build-debug/CMakeFiles/CMakeTmp

Run Build Command(s):/usr/bin/ninja cmTC_b61fc && [1/2] Building C object CMakeFiles/cmTC_b61fc.dir/src.c.o
[2/2] Linking C executable cmTC_b61fc


Source file was:
int main(void) { return 0; }
Performing C SOURCE FILE Test WITH_WERROR_STRICT_OVERFLOW_FLAG succeeded with the following output:
Change Dir: /home/solrac/Projects/TPF_arena/cmake-build-debug/CMakeFiles/CMakeTmp

Run Build Command(s):/usr/bin/ninja cmTC_39782 && [1/2] Building C object CMakeFiles/cmTC_39782.dir/src.c.o
[2/2] Linking C executable cmTC_39782


Source file was:
int main(void) { return 0; }
Performing C SOURCE FILE Test WITH_WSTRICT_OVERFLOW_2_FLAG succeeded with the following output:
Change Dir: /home/solrac/Projects/TPF_arena/cmake-build-debug/CMakeFiles/CMakeTmp

Run Build Command(s):/usr/bin/ninja cmTC_94750 && [1/2] Building C object CMakeFiles/cmTC_94750.dir/src.c.o
[2/2] Linking C executable cmTC_94750


Source file was:
int main(void) { return 0; }
Performing C SOURCE FILE Test WITH_WNO_FORMAT_ZERO_LENGTH_FLAG succeeded with the following output:
Change Dir: /home/solrac/Projects/TPF_arena/cmake-build-debug/CMakeFiles/CMakeTmp

Run Build Command(s):/usr/bin/ninja cmTC_4d0a0 && [1/2] Building C object CMakeFiles/cmTC_4d0a0.dir/src.c.o
[2/2] Linking C executable cmTC_4d0a0


Source file was:
int main(void) { return 0; }
Performing C SOURCE FILE Test WITH_WMISSING_FIELD_INITIALIZERS_FLAG succeeded with the following output:
Change Dir: /home/solrac/Projects/TPF_arena/cmake-build-debug/CMakeFiles/CMakeTmp

Run Build Command(s):/usr/bin/ninja cmTC_aa704 && [1/2] Building C object CMakeFiles/cmTC_aa704.dir/src.c.o
[2/2] Linking C executable cmTC_aa704


Source file was:
int main(void) { return 0; }
Performing C SOURCE FILE Test WITH_WOLD_STYLE_DEFINITION_FLAG succeeded with the following output:
Change Dir: /home/solrac/Projects/TPF_arena/cmake-build-debug/CMakeFiles/CMakeTmp

Run Build Command(s):/usr/bin/ninja cmTC_9ffde && [1/2] Building C object CMakeFiles/cmTC_9ffde.dir/src.c.o
[2/2] Linking C executable cmTC_9ffde


Source file was:
int main(void) { return 0; }
Performing C SOURCE FILE Test WITH_WERROR_OLD_STYLE_DEFINITION_FLAG succeeded with the following output:
Change Dir: /home/solrac/Projects/TPF_arena/cmake-build-debug/CMakeFiles/CMakeTmp

Run Build Command(s):/usr/bin/ninja cmTC_ccf7c && [1/2] Building C object CMakeFiles/cmTC_ccf7c.dir/src.c.o
[2/2] Linking C executable cmTC_ccf7c


Source file was:
int main(void) { return 0; }
Performing C SOURCE FILE Test WITH_WIMPLICIT_INT_FLAG succeeded with the following output:
Change Dir: /home/solrac/Projects/TPF_arena/cmake-build-debug/CMakeFiles/CMakeTmp

Run Build Command(s):/usr/bin/ninja cmTC_2ada4 && [1/2] Building C object CMakeFiles/cmTC_2ada4.dir/src.c.o
[2/2] Linking C executable cmTC_2ada4


Source file was:
int main(void) { return 0; }
Performing C SOURCE FILE Test WITH_WERROR_IMPLICIT_INT_FLAG succeeded with the following output:
Change Dir: /home/solrac/Projects/TPF_arena/cmake-build-debug/CMakeFiles/CMakeTmp

Run Build Command(s):/usr/bin/ninja cmTC_fe3f7 && [1/2] Building C object CMakeFiles/cmTC_fe3f7.dir/src.c.o
[2/2] Linking C executable cmTC_fe3f7


Source file was:
int main(void) { return 0; }
Performing C SOURCE FILE Test WITH_WINT_CONVERSION_FLAG succeeded with the following output:
Change Dir: /home/solrac/Projects/TPF_arena/cmake-build-debug/CMakeFiles/CMakeTmp

Run Build Command(s):/usr/bin/ninja cmTC_3efad && [1/2] Building C object CMakeFiles/cmTC_3efad.dir/src.c.o
[2/2] Linking C executable cmTC_3efad


Source file was:
int main(void) { return 0; }
Performing C SOURCE FILE Test WITH_WERROR_INT_CONVERSION_FLAG succeeded with the following output:
Change Dir: /home/solrac/Projects/TPF_arena/cmake-build-debug/CMakeFiles/CMakeTmp

Run Build Command(s):/usr/bin/ninja cmTC_93f7b && [1/2] Building C object CMakeFiles/cmTC_93f7b.dir/src.c.o
[2/2] Linking C executable cmTC_93f7b


Source file was:
int main(void) { return 0; }
Performing C SOURCE FILE Test REQUIRED_FLAGS_WFORMAT succeeded with the following output:
Change Dir: /home/solrac/Projects/TPF_arena/cmake-build-debug/CMakeFiles/CMakeTmp

Run Build Command(s):/usr/bin/ninja cmTC_32ba8 && [1/2] Building C object CMakeFiles/cmTC_32ba8.dir/src.c.o
[2/2] Linking C executable cmTC_32ba8


Source file was:
int main(void) { return 0; }
Performing C SOURCE FILE Test WITH_WFORMAT_SECURITY_FLAG succeeded with the following output:
Change Dir: /home/solrac/Projects/TPF_arena/cmake-build-debug/CMakeFiles/CMakeTmp

Run Build Command(s):/usr/bin/ninja cmTC_4a494 && [1/2] Building C object CMakeFiles/cmTC_4a494.dir/src.c.o
[2/2] Linking C executable cmTC_4a494


Source file was:
int main(void) { return 0; }
Performing C SOURCE FILE Test WITH_WERROR_FORMAT_SECURITY_FLAG succeeded with the following output:
Change Dir: /home/solrac/Projects/TPF_arena/cmake-build-debug/CMakeFiles/CMakeTmp

Run Build Command(s):/usr/bin/ninja cmTC_9ddc7 && [1/2] Building C object CMakeFiles/cmTC_9ddc7.dir/src.c.o
[2/2] Linking C executable cmTC_9ddc7


Source file was:
int main(void) { return 0; }
Performing C SOURCE FILE Test WITH_FNO_COMMON_FLAG succeeded with the following output:
Change Dir: /home/solrac/Projects/TPF_arena/cmake-build-debug/CMakeFiles/CMakeTmp

Run Build Command(s):/usr/bin/ninja cmTC_da4ca && [1/2] Building C object CMakeFiles/cmTC_da4ca.dir/src.c.o
[2/2] Linking C executable cmTC_da4ca


Source file was:
int main(void) { return 0; }
Performing C SOURCE FILE Test WITH_STACK_PROTECTOR_STRONG succeeded with the following output:
Change Dir: /home/solrac/Projects/TPF_arena/cmake-build-debug/CMakeFiles/CMakeTmp

Run Build Command(s):/usr/bin/ninja cmTC_5884c && [1/2] Building C object CMakeFiles/cmTC_5884c.dir/src.c.o
[2/2] Linking C executable cmTC_5884c


Source file was:
int main(int argc, char **argv) { char buffer[256]; return buffer[argc]=0;}
Performing C SOURCE FILE Test WITH_STACK_CLASH_PROTECTION succeeded with the following output:
Change Dir: /home/solrac/Projects/TPF_arena/cmake-build-debug/CMakeFiles/CMakeTmp

Run Build Command(s):/usr/bin/ninja cmTC_bbc8e && [1/2] Building C object CMakeFiles/cmTC_bbc8e.dir/src.c.o
[2/2] Linking C executable cmTC_bbc8e


Source file was:
int main(int argc, char **argv) { char buffer[256]; return buffer[argc]=0;}
Performing C SOURCE FILE Test WITH_WNO_ERROR_DEPRECATED_DECLARATIONS_FLAG succeeded with the following output:
Change Dir: /home/solrac/Projects/TPF_arena/cmake-build-debug/CMakeFiles/CMakeTmp

Run Build Command(s):/usr/bin/ninja cmTC_848a5 && [1/2] Building C object CMakeFiles/cmTC_848a5.dir/src.c.o
[2/2] Linking C executable cmTC_848a5


Source file was:
int main(void) { return 0; }
Performing C SOURCE FILE Test WITH_WNO_ERROR_TAUTOLOGICAL_COMPARE_FLAG succeeded with the following output:
Change Dir: /home/solrac/Projects/TPF_arena/cmake-build-debug/CMakeFiles/CMakeTmp

Run Build Command(s):/usr/bin/ninja cmTC_dee95 && [1/2] Building C object CMakeFiles/cmTC_dee95.dir/src.c.o
[2/2] Linking C executable cmTC_dee95


Source file was:
int main(void) { return 0; }
Performing C SOURCE FILE Test WITH_VISIBILITY_HIDDEN succeeded with the following output:
Change Dir: /home/solrac/Projects/TPF_arena/cmake-build-debug/CMakeFiles/CMakeTmp

Run Build Command(s):/usr/bin/ninja cmTC_9c498 && [1/2] Building C object CMakeFiles/cmTC_9c498.dir/src.c.o
[2/2] Linking C executable cmTC_9c498


Source file was:
int main(void) { return 0; }
Determining if the include file assert.h exists passed with the following output:
Change Dir: /home/solrac/Projects/TPF_arena/cmake-build-debug/CMakeFiles/CMakeTmp

Run Build Command(s):/usr/bin/ninja cmTC_c8927 && [1/2] Building C object CMakeFiles/cmTC_c8927.dir/CheckIncludeFile.c.o
[2/2] Linking C executable cmTC_c8927



Determining if the include file inttypes.h exists passed with the following output:
Change Dir: /home/solrac/Projects/TPF_arena/cmake-build-debug/CMakeFiles/CMakeTmp

Run Build Command(s):/usr/bin/ninja cmTC_dcbcb && [1/2] Building C object CMakeFiles/cmTC_dcbcb.dir/CheckIncludeFile.c.o
[2/2] Linking C executable cmTC_dcbcb



Determining if the include file malloc.h exists passed with the following output:
Change Dir: /home/solrac/Projects/TPF_arena/cmake-build-debug/CMakeFiles/CMakeTmp

Run Build Command(s):/usr/bin/ninja cmTC_c4aa3 && [1/2] Building C object CMakeFiles/cmTC_c4aa3.dir/CheckIncludeFile.c.o
[2/2] Linking C executable cmTC_c4aa3



Determining if the include file memory.h exists passed with the following output:
Change Dir: /home/solrac/Projects/TPF_arena/cmake-build-debug/CMakeFiles/CMakeTmp

Run Build Command(s):/usr/bin/ninja cmTC_2cfa9 && [1/2] Building C object CMakeFiles/cmTC_2cfa9.dir/CheckIncludeFile.c.o
[2/2] Linking C executable cmTC_2cfa9



Determining if the include file setjmp.h exists passed with the following output:
Change Dir: /home/solrac/Projects/TPF_arena/cmake-build-debug/CMakeFiles/CMakeTmp

Run Build Command(s):/usr/bin/ninja cmTC_a4ff6 && [1/2] Building C object CMakeFiles/cmTC_a4ff6.dir/CheckIncludeFile.c.o
[2/2] Linking C executable cmTC_a4ff6



Determining if the include file signal.h exists passed with the following output:
Change Dir: /home/solrac/Projects/TPF_arena/cmake-build-debug/CMakeFiles/CMakeTmp

Run Build Command(s):/usr/bin/ninja cmTC_8dbda && [1/2] Building C object CMakeFiles/cmTC_8dbda.dir/CheckIncludeFile.c.o
[2/2] Linking C executable cmTC_8dbda



Determining if the include file stdarg.h exists passed with the following output:
Change Dir: /home/solrac/Projects/TPF_arena/cmake-build-debug/CMakeFiles/CMakeTmp

Run Build Command(s):/usr/bin/ninja cmTC_91d6f && [1/2] Building C object CMakeFiles/cmTC_91d6f.dir/CheckIncludeFile.c.o
[2/2] Linking C executable cmTC_91d6f



Determining if the include file stdbool.h exists passed with the following output:
Change Dir: /home/solrac/Projects/TPF_arena/cmake-build-debug/CMakeFiles/CMakeTmp

Run Build Command(s):/usr/bin/ninja cmTC_93a8b && [1/2] Building C object CMakeFiles/cmTC_93a8b.dir/CheckIncludeFile.c.o
[2/2] Linking C executable cmTC_93a8b



Determining if the include file stddef.h exists passed with the following output:
Change Dir: /home/solrac/Projects/TPF_arena/cmake-build-debug/CMakeFiles/CMakeTmp

Run Build Command(s):/usr/bin/ninja cmTC_727db && [1/2] Building C object CMakeFiles/cmTC_727db.dir/CheckIncludeFile.c.o
[2/2] Linking C executable cmTC_727db



Determining if the include file stdint.h exists passed with the following output:
Change Dir: /home/solrac/Projects/TPF_arena/cmake-build-debug/CMakeFiles/CMakeTmp

Run Build Command(s):/usr/bin/ninja cmTC_36ee1 && [1/2] Building C object CMakeFiles/cmTC_36ee1.dir/CheckIncludeFile.c.o
[2/2] Linking C executable cmTC_36ee1



Determining if the include file stdio.h exists passed with the following output:
Change Dir: /home/solrac/Projects/TPF_arena/cmake-build-debug/CMakeFiles/CMakeTmp

Run Build Command(s):/usr/bin/ninja cmTC_8ae82 && [1/2] Building C object CMakeFiles/cmTC_8ae82.dir/CheckIncludeFile.c.o
[2/2] Linking C executable cmTC_8ae82



Determining if the include file stdlib.h exists passed with the following output:
Change Dir: /home/solrac/Projects/TPF_arena/cmake-build-debug/CMakeFiles/CMakeTmp

Run Build Command(s):/usr/bin/ninja cmTC_28af2 && [1/2] Building C object CMakeFiles/cmTC_28af2.dir/CheckIncludeFile.c.o
[2/2] Linking C executable cmTC_28af2



Determining if the include file string.h exists passed with the following output:
Change Dir: /home/solrac/Projects/TPF_arena/cmake-build-debug/CMakeFiles/CMakeTmp

Run Build Command(s):/usr/bin/ninja cmTC_d8611 && [1/2] Building C object CMakeFiles/cmTC_d8611.dir/CheckIncludeFile.c.o
[2/2] Linking C executable cmTC_d8611



Determining if the include file strings.h exists passed with the following output:
Change Dir: /home/solrac/Projects/TPF_arena/cmake-build-debug/CMakeFiles/CMakeTmp

Run Build Command(s):/usr/bin/ninja cmTC_23148 && [1/2] Building C object CMakeFiles/cmTC_23148.dir/CheckIncludeFile.c.o
[2/2] Linking C executable cmTC_23148



Determining if the include file sys/stat.h exists passed with the following output:
Change Dir: /home/solrac/Projects/TPF_arena/cmake-build-debug/CMakeFiles/CMakeTmp

Run Build Command(s):/usr/bin/ninja cmTC_84343 && [1/2] Building C object CMakeFiles/cmTC_84343.dir/CheckIncludeFile.c.o
[2/2] Linking C executable cmTC_84343



Determining if the include file sys/types.h exists passed with the following output:
Change Dir: /home/solrac/Projects/TPF_arena/cmake-build-debug/CMakeFiles/CMakeTmp

Run Build Command(s):/usr/bin/ninja cmTC_5b622 && [1/2] Building C object CMakeFiles/cmTC_5b622.dir/CheckIncludeFile.c.o
[2/2] Linking C executable cmTC_5b622



Determining if the include file time.h exists passed with the following output:
Change Dir: /home/solrac/Projects/TPF_arena/cmake-build-debug/CMakeFiles/CMakeTmp

Run Build Command(s):/usr/bin/ninja cmTC_84589 && [1/2] Building C object CMakeFiles/cmTC_84589.dir/CheckIncludeFile.c.o
[2/2] Linking C executable cmTC_84589



Determining if the include file unistd.h exists passed with the following output:
Change Dir: /home/solrac/Projects/TPF_arena/cmake-build-debug/CMakeFiles/CMakeTmp

Run Build Command(s):/usr/bin/ninja cmTC_6c3f6 && [1/2] Building C object CMakeFiles/cmTC_6c3f6.dir/CheckIncludeFile.c.o
[2/2] Linking C executable cmTC_6c3f6



Performing C SOURCE FILE Test HAVE_STRUCT_TIMESPEC succeeded with the following output:
Change Dir: /home/solrac/Projects/TPF_arena/cmake-build-debug/CMakeFiles/CMakeTmp

Run Build Command(s):/usr/bin/ninja cmTC_0d6d0 && [1/2] Building C object CMakeFiles/cmTC_0d6d0.dir/src.c.o
[2/2] Linking C executable cmTC_0d6d0


Source file was:

#include <time.h>

int main()
{
  (void)sizeof(((struct timespec *)0)->tv_sec);
  return 0;
}

Determining size of uintptr_t passed with the following output:
Change Dir: /home/solrac/Projects/TPF_arena/cmake-build-debug/CMakeFiles/CMakeTmp

Run Build Command(s):/usr/bin/ninja cmTC_83839 && [1/2] Building C object CMakeFiles/cmTC_83839.dir/UINTPTR_T.c.o
[2/2] Linking C executable cmTC_83839



Determining if the function calloc exists passed with the following output:
Change Dir: /home/solrac/Projects/TPF_arena/cmake-build-debug/CMakeFiles/CMakeTmp

Run Build Command(s):/usr/bin/ninja cmTC_e1a6f && [1/2] Building C object CMakeFiles/cmTC_e1a6f.dir/CheckFunctionExists.c.o
<command-line>: warning: conflicting types for built-in function ‘calloc’; expected ‘void *(long unsigned int,  long unsigned int)’ [-Wbuiltin-declaration-mismatch]
/usr/share/cmake-3.22/Modules/CheckFunctionExists.c:7:3: note: in expansion of macro ‘CHECK_FUNCTION_EXISTS’
    7 |   CHECK_FUNCTION_EXISTS(void);
      |   ^~~~~~~~~~~~~~~~~~~~~
/usr/share/cmake-3.22/Modules/CheckFunctionExists.c:1:1: note: ‘calloc’ is declared in header ‘<stdlib.h>’
  +++ |+#include <stdlib.h>
    1 | #ifdef CHECK_FUNCTION_EXISTS
[2/2] Linking C executable cmTC_e1a6f



Determining if the function exit exists passed with the following output:
Change Dir: /home/solrac/Projects/TPF_arena/cmake-build-debug/CMakeFiles/CMakeTmp

Run Build Command(s):/usr/bin/ninja cmTC_de5a2 && [1/2] Building C object CMakeFiles/cmTC_de5a2.dir/CheckFunctionExists.c.o
<command-line>: warning: conflicting types for built-in function ‘exit’; expected ‘void(int)’ [-Wbuiltin-declaration-mismatch]
/usr/share/cmake-3.22/Modules/CheckFunctionExists.c:7:3: note: in expansion of macro ‘CHECK_FUNCTION_EXISTS’
    7 |   CHECK_FUNCTION_EXISTS(void);
      |   ^~~~~~~~~~~~~~~~~~~~~
/usr/share/cmake-3.22/Modules/CheckFunctionExists.c:1:1: note: ‘exit’ is declared in header ‘<stdlib.h>’
  +++ |+#include <stdlib.h>
    1 | #ifdef CHECK_FUNCTION_EXISTS
[2/2] Linking C executable cmTC_de5a2



Determining if the function fprintf exists passed with the following output:
Change Dir: /home/solrac/Projects/TPF_arena/cmake-build-debug/CMakeFiles/CMakeTmp

Run Build Command(s):/usr/bin/ninja cmTC_f40b6 && [1/2] Building C object CMakeFiles/cmTC_f40b6.dir/CheckFunctionExists.c.o
<command-line>: warning: conflicting types for built-in function ‘fprintf’; expected ‘int(void *, const char *, ...)’ [-Wbuiltin-declaration-mismatch]
/usr/share/cmake-3.22/Modules/CheckFunctionExists.c:7:3: note: in expansion of macro ‘CHECK_FUNCTION_EXISTS’
    7 |   CHECK_FUNCTION_EXISTS(void);
      |   ^~~~~~~~~~~~~~~~~~~~~
/usr/share/cmake-3.22/Modules/CheckFunctionExists.c:1:1: note: ‘fprintf’ is declared in header ‘<stdio.h>’
  +++ |+#include <stdio.h>
    1 | #ifdef CHECK_FUNCTION_EXISTS
[2/2] Linking C executable cmTC_f40b6



Determining if the function free exists passed with the following output:
Change Dir: /home/solrac/Projects/TPF_arena/cmake-build-debug/CMakeFiles/CMakeTmp

Run Build Command(s):/usr/bin/ninja cmTC_aa007 && [1/2] Building C object CMakeFiles/cmTC_aa007.dir/CheckFunctionExists.c.o
<command-line>: warning: conflicting types for built-in function ‘free’; expected ‘void(void *)’ [-Wbuiltin-declaration-mismatch]
/usr/share/cmake-3.22/Modules/CheckFunctionExists.c:7:3: note: in expansion of macro ‘CHECK_FUNCTION_EXISTS’
    7 |   CHECK_FUNCTION_EXISTS(void);
      |   ^~~~~~~~~~~~~~~~~~~~~
/usr/share/cmake-3.22/Modules/CheckFunctionExists.c:1:1: note: ‘free’ is declared in header ‘<stdlib.h>’
  +++ |+#include <stdlib.h>
    1 | #ifdef CHECK_FUNCTION_EXISTS
[2/2] Linking C executable cmTC_aa007



Determining if the function longjmp exists passed with the following output:
Change Dir: /home/solrac/Projects/TPF_arena/cmake-build-debug/CMakeFiles/CMakeTmp

Run Build Command(s):/usr/bin/ninja cmTC_8d577 && [1/2] Building C object CMakeFiles/cmTC_8d577.dir/CheckFunctionExists.c.o
[2/2] Linking C executable cmTC_8d577



Determining if the function siglongjmp exists passed with the following output:
Change Dir: /home/solrac/Projects/TPF_arena/cmake-build-debug/CMakeFiles/CMakeTmp

Run Build Command(s):/usr/bin/ninja cmTC_d14a5 && [1/2] Building C object CMakeFiles/cmTC_d14a5.dir/CheckFunctionExists.c.o
[2/2] Linking C executable cmTC_d14a5



Determining if the function malloc exists passed with the following output:
Change Dir: /home/solrac/Projects/TPF_arena/cmake-build-debug/CMakeFiles/CMakeTmp

Run Build Command(s):/usr/bin/ninja cmTC_332ed && [1/2] Building C object CMakeFiles/cmTC_332ed.dir/CheckFunctionExists.c.o
<command-line>: warning: conflicting types for built-in function ‘malloc’; expected ‘void *(long unsigned int)’ [-Wbuiltin-declaration-mismatch]
/usr/share/cmake-3.22/Modules/CheckFunctionExists.c:7:3: note: in expansion of macro ‘CHECK_FUNCTION_EXISTS’
    7 |   CHECK_FUNCTION_EXISTS(void);
      |   ^~~~~~~~~~~~~~~~~~~~~
/usr/share/cmake-3.22/Modules/CheckFunctionExists.c:1:1: note: ‘malloc’ is declared in header ‘<stdlib.h>’
  +++ |+#include <stdlib.h>
    1 | #ifdef CHECK_FUNCTION_EXISTS
[2/2] Linking C executable cmTC_332ed



Determining if the function memcpy exists passed with the following output:
Change Dir: /home/solrac/Projects/TPF_arena/cmake-build-debug/CMakeFiles/CMakeTmp

Run Build Command(s):/usr/bin/ninja cmTC_9a09a && [1/2] Building C object CMakeFiles/cmTC_9a09a.dir/CheckFunctionExists.c.o
<command-line>: warning: conflicting types for built-in function ‘memcpy’; expected ‘void *(void *, const void *, long unsigned int)’ [-Wbuiltin-declaration-mismatch]
/usr/share/cmake-3.22/Modules/CheckFunctionExists.c:7:3: note: in expansion of macro ‘CHECK_FUNCTION_EXISTS’
    7 |   CHECK_FUNCTION_EXISTS(void);
      |   ^~~~~~~~~~~~~~~~~~~~~
/usr/share/cmake-3.22/Modules/CheckFunctionExists.c:1:1: note: ‘memcpy’ is declared in header ‘<string.h>’
  +++ |+#include <string.h>
    1 | #ifdef CHECK_FUNCTION_EXISTS
[2/2] Linking C executable cmTC_9a09a



Determining if the function memset exists passed with the following output:
Change Dir: /home/solrac/Projects/TPF_arena/cmake-build-debug/CMakeFiles/CMakeTmp

Run Build Command(s):/usr/bin/ninja cmTC_3e007 && [1/2] Building C object CMakeFiles/cmTC_3e007.dir/CheckFunctionExists.c.o
<command-line>: warning: conflicting types for built-in function ‘memset’; expected ‘void *(void *, int,  long unsigned int)’ [-Wbuiltin-declaration-mismatch]
/usr/share/cmake-3.22/Modules/CheckFunctionExists.c:7:3: note: in expansion of macro ‘CHECK_FUNCTION_EXISTS’
    7 |   CHECK_FUNCTION_EXISTS(void);
      |   ^~~~~~~~~~~~~~~~~~~~~
/usr/share/cmake-3.22/Modules/CheckFunctionExists.c:1:1: note: ‘memset’ is declared in header ‘<string.h>’
  +++ |+#include <string.h>
    1 | #ifdef CHECK_FUNCTION_EXISTS
[2/2] Linking C executable cmTC_3e007



Determining if the function printf exists passed with the following output:
Change Dir: /home/solrac/Projects/TPF_arena/cmake-build-debug/CMakeFiles/CMakeTmp

Run Build Command(s):/usr/bin/ninja cmTC_49f74 && [1/2] Building C object CMakeFiles/cmTC_49f74.dir/CheckFunctionExists.c.o
<command-line>: warning: conflicting types for built-in function ‘printf’; expected ‘int(const char *, ...)’ [-Wbuiltin-declaration-mismatch]
/usr/share/cmake-3.22/Modules/CheckFunctionExists.c:7:3: note: in expansion of macro ‘CHECK_FUNCTION_EXISTS’
    7 |   CHECK_FUNCTION_EXISTS(void);
      |   ^~~~~~~~~~~~~~~~~~~~~
/usr/share/cmake-3.22/Modules/CheckFunctionExists.c:1:1: note: ‘printf’ is declared in header ‘<stdio.h>’
  +++ |+#include <stdio.h>
    1 | #ifdef CHECK_FUNCTION_EXISTS
[2/2] Linking C executable cmTC_49f74



Determining if the function setjmp exists passed with the following output:
Change Dir: /home/solrac/Projects/TPF_arena/cmake-build-debug/CMakeFiles/CMakeTmp

Run Build Command(s):/usr/bin/ninja cmTC_25dad && [1/2] Building C object CMakeFiles/cmTC_25dad.dir/CheckFunctionExists.c.o
[2/2] Linking C executable cmTC_25dad



Determining if the function signal exists passed with the following output:
Change Dir: /home/solrac/Projects/TPF_arena/cmake-build-debug/CMakeFiles/CMakeTmp

Run Build Command(s):/usr/bin/ninja cmTC_6a2a8 && [1/2] Building C object CMakeFiles/cmTC_6a2a8.dir/CheckFunctionExists.c.o
[2/2] Linking C executable cmTC_6a2a8



Determining if the function strsignal exists passed with the following output:
Change Dir: /home/solrac/Projects/TPF_arena/cmake-build-debug/CMakeFiles/CMakeTmp

Run Build Command(s):/usr/bin/ninja cmTC_f0771 && [1/2] Building C object CMakeFiles/cmTC_f0771.dir/CheckFunctionExists.c.o
[2/2] Linking C executable cmTC_f0771



Determining if the function strcmp exists passed with the following output:
Change Dir: /home/solrac/Projects/TPF_arena/cmake-build-debug/CMakeFiles/CMakeTmp

Run Build Command(s):/usr/bin/ninja cmTC_7c150 && [1/2] Building C object CMakeFiles/cmTC_7c150.dir/CheckFunctionExists.c.o
<command-line>: warning: conflicting types for built-in function ‘strcmp’; expected ‘int(const char *, const char *)’ [-Wbuiltin-declaration-mismatch]
/usr/share/cmake-3.22/Modules/CheckFunctionExists.c:7:3: note: in expansion of macro ‘CHECK_FUNCTION_EXISTS’
    7 |   CHECK_FUNCTION_EXISTS(void);
      |   ^~~~~~~~~~~~~~~~~~~~~
/usr/share/cmake-3.22/Modules/CheckFunctionExists.c:1:1: note: ‘strcmp’ is declared in header ‘<string.h>’
  +++ |+#include <string.h>
    1 | #ifdef CHECK_FUNCTION_EXISTS
[2/2] Linking C executable cmTC_7c150



Determining if the function clock_gettime exists passed with the following output:
Change Dir: /home/solrac/Projects/TPF_arena/cmake-build-debug/CMakeFiles/CMakeTmp

Run Build Command(s):/usr/bin/ninja cmTC_9f493 && [1/2] Building C object CMakeFiles/cmTC_9f493.dir/CheckFunctionExists.c.o
[2/2] Linking C executable cmTC_9f493



Determining if the function sprintf exists passed with the following output:
Change Dir: /home/solrac/Projects/TPF_arena/cmake-build-debug/CMakeFiles/CMakeTmp

Run Build Command(s):/usr/bin/ninja cmTC_b1bd2 && [1/2] Building C object CMakeFiles/cmTC_b1bd2.dir/CheckFunctionExists.c.o
<command-line>: warning: conflicting types for built-in function ‘sprintf’; expected ‘int(char *, const char *, ...)’ [-Wbuiltin-declaration-mismatch]
/usr/share/cmake-3.22/Modules/CheckFunctionExists.c:7:3: note: in expansion of macro ‘CHECK_FUNCTION_EXISTS’
    7 |   CHECK_FUNCTION_EXISTS(void);
      |   ^~~~~~~~~~~~~~~~~~~~~
/usr/share/cmake-3.22/Modules/CheckFunctionExists.c:1:1: note: ‘sprintf’ is declared in header ‘<stdio.h>’
  +++ |+#include <stdio.h>
    1 | #ifdef CHECK_FUNCTION_EXISTS
[2/2] Linking C executable cmTC_b1bd2



Determining if the function vsnprintf exists passed with the following output:
Change Dir: /home/solrac/Projects/TPF_arena/cmake-build-debug/CMakeFiles/CMakeTmp

Run Build Command(s):/usr/bin/ninja cmTC_2d06c && [1/2] Building C object CMakeFiles/cmTC_2d06c.dir/CheckFunctionExists.c.o
<command-line>: warning: conflicting types for built-in function ‘vsnprintf’; expected ‘int(char *, long unsigned int,  const char *, __va_list_tag *)’ [-Wbuiltin-declaration-mismatch]
/usr/share/cmake-3.22/Modules/CheckFunctionExists.c:7:3: note: in expansion of macro ‘CHECK_FUNCTION_EXISTS’
    7 |   CHECK_FUNCTION_EXISTS(void);
      |   ^~~~~~~~~~~~~~~~~~~~~
/usr/share/cmake-3.22/Modules/CheckFunctionExists.c:1:1: note: ‘vsnprintf’ is declared in header ‘<stdio.h>’
  +++ |+#include <stdio.h>
    1 | #ifdef CHECK_FUNCTION_EXISTS
[2/2] Linking C executable cmTC_2d06c



Performing C SOURCE FILE Test HAVE_GCC_THREAD_LOCAL_STORAGE succeeded with the following output:
Change Dir: /home/solrac/Projects/TPF_arena/cmake-build-debug/CMakeFiles/CMakeTmp

Run Build Command(s):/usr/bin/ninja cmTC_93460 && [1/2] Building C object CMakeFiles/cmTC_93460.dir/src.c.o
[2/2] Linking C executable cmTC_93460


Source file was:

__thread int tls;

int main(void) {
    return 0;
}
Performing C SOURCE FILE Test HAVE_CLOCK_REALTIME succeeded with the following output:
Change Dir: /home/solrac/Projects/TPF_arena/cmake-build-debug/CMakeFiles/CMakeTmp

Run Build Command(s):/usr/bin/ninja cmTC_5d347 && [1/2] Building C object CMakeFiles/cmTC_5d347.dir/src.c.o
[2/2] Linking C executable cmTC_5d347


Source file was:

#include <time.h>

int main(void) {
    struct timespec ts;

    clock_gettime(CLOCK_REALTIME, &ts);

    return 0;
}
